<?xml version="1.0" encoding="UTF-8"?>
<testng-results skipped="0" failed="0" ignored="0" total="1" passed="1">
  <reporter-output>
  </reporter-output>
  <suite name="Suite" duration-ms="204" started-at="2019-01-23T06:35:58Z" finished-at="2019-01-23T06:35:59Z">
    <groups>
    </groups>
    <test name="Test" duration-ms="204" started-at="2019-01-23T06:35:58Z" finished-at="2019-01-23T06:35:59Z">
      <class name="POM.NewTest">
        <test-method status="PASS" signature="f()[pri:0, instance:POM.NewTest@d6da883]" name="f" duration-ms="79" started-at="2019-01-23T12:05:58Z" finished-at="2019-01-23T12:05:59Z">
          <reporter-output>
          </reporter-output>
        </test-method> <!-- f -->
      </class> <!-- POM.NewTest -->
    </test> <!-- Test -->
  </suite> <!-- Suite -->
</testng-results>
